<?xml version="1.0" encoding="UTF-8"?>
<!-- Generated by org.testng.reporters.JUnitXMLReporter -->
<testsuite ignored="2" hostname="Sasikumar" failures="0" tests="1" name="Default test" time="3.957" errors="0" timestamp="2025-08-30T17:57:12 IST">
  <testcase classname="org.lets.shop.tests.ApiTests" name="tests" time="3.873"/>
  <testcase classname="org.lets.shop.tests.ApiTests" name="AuthorizationTokens" time="0.0">
    <ignored/>
  </testcase> <!-- AuthorizationTokens -->
  <testcase classname="org.lets.shop.tests.ApiTests" name="testName" time="0.0">
    <ignored/>
  </testcase> <!-- testName -->
</testsuite> <!-- Default test -->
