<?xml version="1.0" encoding="UTF-8"?>
<testng-results ignored="0" total="1" passed="1" failed="0" skipped="0">
  <reporter-output>
  </reporter-output>
  <suite started-at="2025-08-28T14:28:15 IST" name="Default suite" finished-at="2025-08-28T14:28:17 IST" duration-ms="2252">
    <groups>
    </groups>
    <test started-at="2025-08-28T14:28:15 IST" name="Default test" finished-at="2025-08-28T14:28:17 IST" duration-ms="2252">
      <class name="org.lets.shop.tests.LetsShop">
        <test-method is-config="true" signature="launch()[pri:0, instance:org.lets.shop.tests.LetsShop@5524cca1]" started-at="2025-08-28T14:28:14 IST" name="launch" finished-at="2025-08-28T14:28:15 IST" duration-ms="844" status="PASS">
          <reporter-output>
          </reporter-output>
        </test-method> <!-- launch -->
        <test-method signature="getAuthorizationTokens()[pri:0, instance:org.lets.shop.tests.LetsShop@5524cca1]" started-at="2025-08-28T14:28:15 IST" name="getAuthorizationTokens" finished-at="2025-08-28T14:28:17 IST" duration-ms="2146" status="PASS">
          <reporter-output>
          </reporter-output>
        </test-method> <!-- getAuthorizationTokens -->
      </class> <!-- org.lets.shop.tests.LetsShop -->
    </test> <!-- Default test -->
  </suite> <!-- Default suite -->
</testng-results>
