<?xml version="1.0" encoding="UTF-8"?>
<testng-results ignored="2" total="3" passed="1" failed="0" skipped="0">
  <reporter-output>
  </reporter-output>
  <suite started-at="2025-08-30T17:57:08 IST" name="Default suite" finished-at="2025-08-30T17:57:12 IST" duration-ms="3957">
    <groups>
    </groups>
    <test started-at="2025-08-30T17:57:08 IST" name="Default test" finished-at="2025-08-30T17:57:12 IST" duration-ms="3957">
      <class name="org.lets.shop.tests.ApiTests">
        <test-method is-config="true" signature="launch()[pri:0, instance:org.lets.shop.tests.ApiTests@2b40ff9c]" started-at="2025-08-30T17:57:08 IST" name="launch" finished-at="2025-08-30T17:57:08 IST" duration-ms="16" status="PASS">
          <reporter-output>
          </reporter-output>
        </test-method> <!-- launch -->
        <test-method signature="tests()[pri:0, instance:org.lets.shop.tests.ApiTests@2b40ff9c]" started-at="2025-08-30T17:57:08 IST" name="tests" finished-at="2025-08-30T17:57:12 IST" duration-ms="3873" status="PASS">
          <reporter-output>
          </reporter-output>
        </test-method> <!-- tests -->
      </class> <!-- org.lets.shop.tests.ApiTests -->
    </test> <!-- Default test -->
  </suite> <!-- Default suite -->
</testng-results>
